<?xml version="1.0" encoding="UTF-8"?>
<testsuite xmlns:xsi="http://www.w3.org/2001/XMLSchema-instance" xsi:noNamespaceSchemaLocation="https://maven.apache.org/surefire/maven-surefire-plugin/xsd/surefire-test-report.xsd" version="3.0.2" name="com.example.springai.SpringAiApplicationTests" time="1.032" tests="1" errors="0" skipped="0" failures="0">
  <properties>
[...]
</properties>
  <testcase name="contextLoads" classname="com.example.springai.SpringAiApplicationTests" time="0.282">
    <system-out><![CDATA[00:02:13.018 [main] INFO org.springframework.test.context.support.AnnotationConfigContextLoaderUtils -- Could not detect default configuration classes for test class [com.example.springai.SpringAiApplicationTests]: SpringAiApplicationTests does not declare any static, non-private, non-final, nested classes annotated with @Configuration.
00:02:13.049 [main] INFO org.springframework.boot.test.context.SpringBootTestContextBootstrapper -- Found @SpringBootConfiguration com.example.springai.SpringAiApplication for test class com.example.springai.SpringAiApplicationTests

  .   ____          _            __ _ _
 /\\ / ___'_ __ _ _(_)_ __  __ _ \ \ \ \
( ( )\___ | '_ | '_| | '_ \/ _` | \ \ \ \
 \\/  ___)| |_)| | | | | || (_| |  ) ) ) )
  '  |____| .__|_| |_|_| |_\__, | / / / /
 =========|_|==============|___/=/_/_/_/

 :: Spring Boot ::                (v3.5.6)

2025-09-25T00:02:13.191+10:00  INFO 29199 --- [SpringAI] [           main] c.e.springai.SpringAiApplicationTests    : Starting SpringAiApplicationTests using Java 20.0.2.1 with PID 29199 (started by joejoe in /Users/joejoe/project/JAVA/JAVA-Project/SpringAI)
2025-09-25T00:02:13.191+10:00 DEBUG 29199 --- [SpringAI] [           main] c.e.springai.SpringAiApplicationTests    : Running with Spring Boot v3.5.6, Spring v6.2.11
2025-09-25T00:02:13.192+10:00  INFO 29199 --- [SpringAI] [           main] c.e.springai.SpringAiApplicationTests    : No active profile set, falling back to 1 default profile: "default"
2025-09-25T00:02:13.720+10:00  INFO 29199 --- [SpringAI] [           main] c.e.springai.SpringAiApplicationTests    : Started SpringAiApplicationTests in 0.63 seconds (process running for 0.929)
]]></system-out>
  </testcase>
</testsuite>